2022-01-09 22:02:30.907 [restartedMain] INFO  y.ad.hospitalmanage.HospitalManageApplication - Starting HospitalManageApplication on DESKTOP-GDE3B72 with PID 16456 (G:\Java\code\appoint-doctor\hospital-manage\target\classes started by Yoziming in G:\Java\code\appoint-doctor)
2022-01-09 22:02:30.910 [restartedMain] INFO  y.ad.hospitalmanage.HospitalManageApplication - The following profiles are active: dev
2022-01-09 22:02:30.946 [restartedMain] INFO  o.s.b.d.env.DevToolsPropertyDefaultsPostProcessor - Devtools property defaults active! Set 'spring.devtools.add-properties' to 'false' to disable
2022-01-09 22:02:30.946 [restartedMain] INFO  o.s.b.d.env.DevToolsPropertyDefaultsPostProcessor - For additional web related logging consider setting the 'logging.level.web' property to 'DEBUG'
2022-01-09 22:02:31.835 [restartedMain] INFO  o.s.c.s.PostProcessorRegistrationDelegate$BeanPostProcessorChecker - Bean 'org.springframework.transaction.annotation.ProxyTransactionManagementConfiguration' of type [org.springframework.transaction.annotation.ProxyTransactionManagementConfiguration] is not eligible for getting processed by all BeanPostProcessors (for example: not eligible for auto-proxying)
2022-01-09 22:02:32.095 [restartedMain] INFO  o.s.boot.web.embedded.tomcat.TomcatWebServer - Tomcat initialized with port(s): 9998 (http)
2022-01-09 22:02:32.102 [restartedMain] INFO  org.apache.coyote.http11.Http11NioProtocol - Initializing ProtocolHandler ["http-nio-9998"]
2022-01-09 22:02:32.103 [restartedMain] INFO  org.apache.catalina.core.StandardService - Starting service [Tomcat]
2022-01-09 22:02:32.103 [restartedMain] INFO  org.apache.catalina.core.StandardEngine - Starting Servlet engine: [Apache Tomcat/9.0.27]
2022-01-09 22:02:32.169 [restartedMain] INFO  o.a.c.core.ContainerBase.[Tomcat].[localhost].[/] - Initializing Spring embedded WebApplicationContext
2022-01-09 22:02:32.170 [restartedMain] INFO  org.springframework.web.context.ContextLoader - Root WebApplicationContext: initialization completed in 1223 ms
2022-01-09 22:02:32.311 [restartedMain] INFO  org.apache.catalina.core.StandardService - Stopping service [Tomcat]
2022-01-09 22:02:32.325 [restartedMain] INFO  o.s.b.a.l.ConditionEvaluationReportLoggingListener - 

Error starting ApplicationContext. To display the conditions report re-run your application with 'debug' enabled.
2022-01-09 22:07:57.848 [restartedMain] INFO  y.ad.hospitalmanage.HospitalManageApplication - Starting HospitalManageApplication on DESKTOP-GDE3B72 with PID 19108 (G:\Java\code\appoint-doctor\hospital-manage\target\classes started by Yoziming in G:\Java\code\appoint-doctor)
2022-01-09 22:07:57.851 [restartedMain] INFO  y.ad.hospitalmanage.HospitalManageApplication - The following profiles are active: dev
2022-01-09 22:07:57.890 [restartedMain] INFO  o.s.b.d.env.DevToolsPropertyDefaultsPostProcessor - Devtools property defaults active! Set 'spring.devtools.add-properties' to 'false' to disable
2022-01-09 22:07:57.890 [restartedMain] INFO  o.s.b.d.env.DevToolsPropertyDefaultsPostProcessor - For additional web related logging consider setting the 'logging.level.web' property to 'DEBUG'
2022-01-09 22:07:58.834 [restartedMain] INFO  o.s.c.s.PostProcessorRegistrationDelegate$BeanPostProcessorChecker - Bean 'org.springframework.transaction.annotation.ProxyTransactionManagementConfiguration' of type [org.springframework.transaction.annotation.ProxyTransactionManagementConfiguration] is not eligible for getting processed by all BeanPostProcessors (for example: not eligible for auto-proxying)
2022-01-09 22:07:59.075 [restartedMain] INFO  o.s.boot.web.embedded.tomcat.TomcatWebServer - Tomcat initialized with port(s): 9998 (http)
2022-01-09 22:07:59.081 [restartedMain] INFO  org.apache.coyote.http11.Http11NioProtocol - Initializing ProtocolHandler ["http-nio-9998"]
2022-01-09 22:07:59.082 [restartedMain] INFO  org.apache.catalina.core.StandardService - Starting service [Tomcat]
2022-01-09 22:07:59.082 [restartedMain] INFO  org.apache.catalina.core.StandardEngine - Starting Servlet engine: [Apache Tomcat/9.0.27]
2022-01-09 22:07:59.143 [restartedMain] INFO  o.a.c.core.ContainerBase.[Tomcat].[localhost].[/] - Initializing Spring embedded WebApplicationContext
2022-01-09 22:07:59.143 [restartedMain] INFO  org.springframework.web.context.ContextLoader - Root WebApplicationContext: initialization completed in 1253 ms
2022-01-09 22:07:59.294 [restartedMain] INFO  com.zaxxer.hikari.HikariDataSource - HikariPool-1 - Starting...
2022-01-09 22:07:59.439 [restartedMain] INFO  com.zaxxer.hikari.HikariDataSource - HikariPool-1 - Start completed.
2022-01-09 22:07:59.855 [restartedMain] INFO  s.d.s.w.PropertySourcedRequestMappingHandlerMapping - Mapped URL path [/v2/api-docs] onto method [springfox.documentation.swagger2.web.Swagger2Controller#getDocumentation(String, HttpServletRequest)]
2022-01-09 22:07:59.931 [restartedMain] INFO  o.s.scheduling.concurrent.ThreadPoolTaskExecutor - Initializing ExecutorService 'applicationTaskExecutor'
2022-01-09 22:07:59.970 [restartedMain] INFO  o.s.b.d.autoconfigure.OptionalLiveReloadServer - LiveReload server is running on port 35729
2022-01-09 22:08:00.135 [restartedMain] INFO  s.d.s.web.plugins.DocumentationPluginsBootstrapper - Context refreshed
2022-01-09 22:08:00.148 [restartedMain] INFO  s.d.s.web.plugins.DocumentationPluginsBootstrapper - Found 1 custom documentation plugin(s)
2022-01-09 22:08:00.178 [restartedMain] INFO  s.d.spring.web.scanners.ApiListingReferenceScanner - Scanning for api listing references
2022-01-09 22:08:00.197 [restartedMain] INFO  org.apache.coyote.http11.Http11NioProtocol - Starting ProtocolHandler ["http-nio-9998"]
2022-01-09 22:08:00.214 [restartedMain] INFO  o.s.boot.web.embedded.tomcat.TomcatWebServer - Tomcat started on port(s): 9998 (http) with context path ''
2022-01-09 22:08:00.216 [restartedMain] INFO  y.ad.hospitalmanage.HospitalManageApplication - Started HospitalManageApplication in 2.871 seconds (JVM running for 3.68)
2022-01-09 22:09:04.913 [http-nio-9998-exec-1] INFO  o.a.c.core.ContainerBase.[Tomcat].[localhost].[/] - Initializing Spring DispatcherServlet 'dispatcherServlet'
2022-01-09 22:09:04.914 [http-nio-9998-exec-1] INFO  org.springframework.web.servlet.DispatcherServlet - Initializing Servlet 'dispatcherServlet'
2022-01-09 22:09:04.918 [http-nio-9998-exec-1] INFO  org.springframework.web.servlet.DispatcherServlet - Completed initialization in 4 ms
2022-01-09 22:32:00.671 [SpringContextShutdownHook] INFO  o.s.scheduling.concurrent.ThreadPoolTaskExecutor - Shutting down ExecutorService 'applicationTaskExecutor'
2022-01-09 22:32:00.673 [SpringContextShutdownHook] INFO  com.zaxxer.hikari.HikariDataSource - HikariPool-1 - Shutdown initiated...
2022-01-09 22:32:00.677 [SpringContextShutdownHook] INFO  com.zaxxer.hikari.HikariDataSource - HikariPool-1 - Shutdown completed.
2022-01-09 23:32:20.457 [restartedMain] INFO  y.ad.hospitalmanage.HospitalManageApplication - Starting HospitalManageApplication on DESKTOP-GDE3B72 with PID 6724 (G:\Java\code\appoint-doctor\hospital-manage\target\classes started by Yoziming in G:\Java\code\appoint-doctor)
2022-01-09 23:32:20.461 [restartedMain] INFO  y.ad.hospitalmanage.HospitalManageApplication - The following profiles are active: dev
2022-01-09 23:32:20.500 [restartedMain] INFO  o.s.b.d.env.DevToolsPropertyDefaultsPostProcessor - Devtools property defaults active! Set 'spring.devtools.add-properties' to 'false' to disable
2022-01-09 23:32:20.501 [restartedMain] INFO  o.s.b.d.env.DevToolsPropertyDefaultsPostProcessor - For additional web related logging consider setting the 'logging.level.web' property to 'DEBUG'
2022-01-09 23:32:21.298 [restartedMain] INFO  o.s.c.s.PostProcessorRegistrationDelegate$BeanPostProcessorChecker - Bean 'org.springframework.transaction.annotation.ProxyTransactionManagementConfiguration' of type [org.springframework.transaction.annotation.ProxyTransactionManagementConfiguration] is not eligible for getting processed by all BeanPostProcessors (for example: not eligible for auto-proxying)
2022-01-09 23:32:21.532 [restartedMain] INFO  o.s.boot.web.embedded.tomcat.TomcatWebServer - Tomcat initialized with port(s): 9998 (http)
2022-01-09 23:32:21.539 [restartedMain] INFO  org.apache.coyote.http11.Http11NioProtocol - Initializing ProtocolHandler ["http-nio-9998"]
2022-01-09 23:32:21.539 [restartedMain] INFO  org.apache.catalina.core.StandardService - Starting service [Tomcat]
2022-01-09 23:32:21.540 [restartedMain] INFO  org.apache.catalina.core.StandardEngine - Starting Servlet engine: [Apache Tomcat/9.0.27]
2022-01-09 23:32:21.599 [restartedMain] INFO  o.a.c.core.ContainerBase.[Tomcat].[localhost].[/] - Initializing Spring embedded WebApplicationContext
2022-01-09 23:32:21.599 [restartedMain] INFO  org.springframework.web.context.ContextLoader - Root WebApplicationContext: initialization completed in 1098 ms
2022-01-09 23:32:21.747 [restartedMain] INFO  com.zaxxer.hikari.HikariDataSource - HikariPool-1 - Starting...
2022-01-09 23:32:21.883 [restartedMain] INFO  com.zaxxer.hikari.HikariDataSource - HikariPool-1 - Start completed.
2022-01-09 23:32:22.271 [restartedMain] INFO  s.d.s.w.PropertySourcedRequestMappingHandlerMapping - Mapped URL path [/v2/api-docs] onto method [springfox.documentation.swagger2.web.Swagger2Controller#getDocumentation(String, HttpServletRequest)]
2022-01-09 23:32:22.345 [restartedMain] INFO  o.s.scheduling.concurrent.ThreadPoolTaskExecutor - Initializing ExecutorService 'applicationTaskExecutor'
2022-01-09 23:32:22.377 [restartedMain] INFO  o.s.b.d.autoconfigure.OptionalLiveReloadServer - LiveReload server is running on port 35729
2022-01-09 23:32:22.526 [restartedMain] INFO  s.d.s.web.plugins.DocumentationPluginsBootstrapper - Context refreshed
2022-01-09 23:32:22.538 [restartedMain] INFO  s.d.s.web.plugins.DocumentationPluginsBootstrapper - Found 1 custom documentation plugin(s)
2022-01-09 23:32:22.564 [restartedMain] INFO  s.d.spring.web.scanners.ApiListingReferenceScanner - Scanning for api listing references
2022-01-09 23:32:22.582 [restartedMain] INFO  org.apache.coyote.http11.Http11NioProtocol - Starting ProtocolHandler ["http-nio-9998"]
2022-01-09 23:32:22.599 [restartedMain] INFO  o.s.boot.web.embedded.tomcat.TomcatWebServer - Tomcat started on port(s): 9998 (http) with context path ''
2022-01-09 23:32:22.601 [restartedMain] INFO  y.ad.hospitalmanage.HospitalManageApplication - Started HospitalManageApplication in 2.621 seconds (JVM running for 3.295)
2022-01-09 23:32:55.765 [http-nio-9998-exec-1] INFO  o.a.c.core.ContainerBase.[Tomcat].[localhost].[/] - Initializing Spring DispatcherServlet 'dispatcherServlet'
2022-01-09 23:32:55.766 [http-nio-9998-exec-1] INFO  org.springframework.web.servlet.DispatcherServlet - Initializing Servlet 'dispatcherServlet'
2022-01-09 23:32:55.770 [http-nio-9998-exec-1] INFO  org.springframework.web.servlet.DispatcherServlet - Completed initialization in 4 ms
2022-01-09 23:45:43.967 [http-nio-9998-exec-2] INFO  yoziming.ad.hospitalmanage.utils.HttpRequestHelper - --> 發送請求：post data sign=900150983cd24fb0d6963f7d28e17f72&hoscode=001&timestamp=1641743143963&
2022-01-09 23:45:49.443 [http-nio-9998-exec-6] INFO  yoziming.ad.hospitalmanage.utils.HttpRequestHelper - 加密前：001|10|1|1641743149441|abc
2022-01-09 23:45:49.443 [http-nio-9998-exec-6] INFO  yoziming.ad.hospitalmanage.utils.HttpRequestHelper - 加密后：cfbf3dc92b448f86a1768bb95abf5f3e
2022-01-09 23:45:49.445 [http-nio-9998-exec-6] INFO  yoziming.ad.hospitalmanage.utils.HttpRequestHelper - --> 發送請求：post data limit=10&sign=cfbf3dc92b448f86a1768bb95abf5f3e&page=1&hoscode=001&timestamp=1641743149441&
2022-01-09 23:45:51.703 [http-nio-9998-exec-4] INFO  yoziming.ad.hospitalmanage.utils.HttpRequestHelper - 加密前：001|10|1|1641743151700|abc
2022-01-09 23:45:51.703 [http-nio-9998-exec-4] INFO  yoziming.ad.hospitalmanage.utils.HttpRequestHelper - 加密后：ca981969d5ace0885896e915bbe0157e
2022-01-09 23:45:51.705 [http-nio-9998-exec-4] INFO  yoziming.ad.hospitalmanage.utils.HttpRequestHelper - --> 發送請求：post data limit=10&sign=ca981969d5ace0885896e915bbe0157e&page=1&hoscode=001&timestamp=1641743151700&
2022-01-09 23:46:56.248 [SpringContextShutdownHook] INFO  o.s.scheduling.concurrent.ThreadPoolTaskExecutor - Shutting down ExecutorService 'applicationTaskExecutor'
2022-01-09 23:46:56.250 [SpringContextShutdownHook] INFO  com.zaxxer.hikari.HikariDataSource - HikariPool-1 - Shutdown initiated...
2022-01-09 23:46:56.254 [SpringContextShutdownHook] INFO  com.zaxxer.hikari.HikariDataSource - HikariPool-1 - Shutdown completed.
2022-01-09 23:46:58.785 [restartedMain] INFO  y.ad.hospitalmanage.HospitalManageApplication - Starting HospitalManageApplication on DESKTOP-GDE3B72 with PID 8508 (G:\Java\code\appoint-doctor\hospital-manage\target\classes started by Yoziming in G:\Java\code\appoint-doctor)
2022-01-09 23:46:58.788 [restartedMain] INFO  y.ad.hospitalmanage.HospitalManageApplication - The following profiles are active: dev
2022-01-09 23:46:58.823 [restartedMain] INFO  o.s.b.d.env.DevToolsPropertyDefaultsPostProcessor - Devtools property defaults active! Set 'spring.devtools.add-properties' to 'false' to disable
2022-01-09 23:46:58.823 [restartedMain] INFO  o.s.b.d.env.DevToolsPropertyDefaultsPostProcessor - For additional web related logging consider setting the 'logging.level.web' property to 'DEBUG'
2022-01-09 23:46:59.617 [restartedMain] INFO  o.s.c.s.PostProcessorRegistrationDelegate$BeanPostProcessorChecker - Bean 'org.springframework.transaction.annotation.ProxyTransactionManagementConfiguration' of type [org.springframework.transaction.annotation.ProxyTransactionManagementConfiguration] is not eligible for getting processed by all BeanPostProcessors (for example: not eligible for auto-proxying)
2022-01-09 23:46:59.849 [restartedMain] INFO  o.s.boot.web.embedded.tomcat.TomcatWebServer - Tomcat initialized with port(s): 9998 (http)
2022-01-09 23:46:59.856 [restartedMain] INFO  org.apache.coyote.http11.Http11NioProtocol - Initializing ProtocolHandler ["http-nio-9998"]
2022-01-09 23:46:59.856 [restartedMain] INFO  org.apache.catalina.core.StandardService - Starting service [Tomcat]
2022-01-09 23:46:59.857 [restartedMain] INFO  org.apache.catalina.core.StandardEngine - Starting Servlet engine: [Apache Tomcat/9.0.27]
2022-01-09 23:46:59.915 [restartedMain] INFO  o.a.c.core.ContainerBase.[Tomcat].[localhost].[/] - Initializing Spring embedded WebApplicationContext
2022-01-09 23:46:59.916 [restartedMain] INFO  org.springframework.web.context.ContextLoader - Root WebApplicationContext: initialization completed in 1093 ms
2022-01-09 23:47:00.075 [restartedMain] INFO  com.zaxxer.hikari.HikariDataSource - HikariPool-1 - Starting...
2022-01-09 23:47:00.210 [restartedMain] INFO  com.zaxxer.hikari.HikariDataSource - HikariPool-1 - Start completed.
2022-01-09 23:47:00.607 [restartedMain] INFO  s.d.s.w.PropertySourcedRequestMappingHandlerMapping - Mapped URL path [/v2/api-docs] onto method [springfox.documentation.swagger2.web.Swagger2Controller#getDocumentation(String, HttpServletRequest)]
2022-01-09 23:47:00.683 [restartedMain] INFO  o.s.scheduling.concurrent.ThreadPoolTaskExecutor - Initializing ExecutorService 'applicationTaskExecutor'
2022-01-09 23:47:00.715 [restartedMain] INFO  o.s.b.d.autoconfigure.OptionalLiveReloadServer - LiveReload server is running on port 35729
2022-01-09 23:47:00.867 [restartedMain] INFO  s.d.s.web.plugins.DocumentationPluginsBootstrapper - Context refreshed
2022-01-09 23:47:00.878 [restartedMain] INFO  s.d.s.web.plugins.DocumentationPluginsBootstrapper - Found 1 custom documentation plugin(s)
2022-01-09 23:47:00.906 [restartedMain] INFO  s.d.spring.web.scanners.ApiListingReferenceScanner - Scanning for api listing references
2022-01-09 23:47:00.922 [restartedMain] INFO  org.apache.coyote.http11.Http11NioProtocol - Starting ProtocolHandler ["http-nio-9998"]
2022-01-09 23:47:00.939 [restartedMain] INFO  o.s.boot.web.embedded.tomcat.TomcatWebServer - Tomcat started on port(s): 9998 (http) with context path ''
2022-01-09 23:47:00.942 [restartedMain] INFO  y.ad.hospitalmanage.HospitalManageApplication - Started HospitalManageApplication in 2.658 seconds (JVM running for 3.451)
2022-01-09 23:47:13.962 [http-nio-9998-exec-1] INFO  o.a.c.core.ContainerBase.[Tomcat].[localhost].[/] - Initializing Spring DispatcherServlet 'dispatcherServlet'
2022-01-09 23:47:13.962 [http-nio-9998-exec-1] INFO  org.springframework.web.servlet.DispatcherServlet - Initializing Servlet 'dispatcherServlet'
2022-01-09 23:47:13.967 [http-nio-9998-exec-1] INFO  org.springframework.web.servlet.DispatcherServlet - Completed initialization in 4 ms
2022-01-09 23:47:35.250 [http-nio-9998-exec-9] INFO  yoziming.ad.hospitalmanage.utils.HttpRequestHelper - --> 發送請求：post data sign=900150983cd24fb0d6963f7d28e17f72&hoscode=001&timestamp=1641743255244&
2022-01-09 23:50:02.171 [http-nio-9998-exec-7] INFO  yoziming.ad.hospitalmanage.utils.HttpRequestHelper - --> 發送請求：post data sign=900150983cd24fb0d6963f7d28e17f72&hoscode=001&timestamp=1641743402164&
2022-01-09 23:54:35.833 [http-nio-9998-exec-2] INFO  yoziming.ad.hospitalmanage.utils.HttpRequestHelper - --> 發送請求：post data sign=900150983cd24fb0d6963f7d28e17f72&hoscode=001&timestamp=1641743675830&
2022-01-09 23:56:08.605 [http-nio-9998-exec-7] INFO  yoziming.ad.hospitalmanage.utils.HttpRequestHelper - --> 發送請求：post data sign=900150983cd24fb0d6963f7d28e17f72&hoscode=001&timestamp=1641743768601&
2022-01-09 23:57:30.448 [http-nio-9998-exec-8] INFO  yoziming.ad.hospitalmanage.utils.HttpRequestHelper - --> 發送請求：post data sign=900150983cd24fb0d6963f7d28e17f72&hoscode=001&timestamp=1641743850445&
